object TprReport
  ShowProgress = True
  CanUserEdit = False
  DesignerFormMode = fmNormal
  PreviewFormMode = fmNormal
  Collate = False
  Copies = 1
  FromPage = -1
  ToPage = -1
  PrintPagesMode = ppmAll
  ExportOptions = [preoShowParamsDlg, preoShowProgress, preoShowAfterGenerate]
  ExportPagesMode = ppmAll
  ExportFromPage = 0
  ExportToPage = 0
  Values = <
    item
      Name = 'OrdersTotal'
      AggFunction = prafSum
      Formula = 'ItemsLinkedToOrders.ListPrice*ItemsLinkedToOrders.Qty'
      ResetOn = rvtDataSetEof
      CalcOn = cvtDataSetNext
      DataSetName = 'ItemsLinkedToOrders'
      ResetDataSetName = 'ItemsLinkedToOrders'
    end>
  PrinterName = 'Virtual printer'
  ExportPrecision = 1
  ExportPrecisionLow = 10
  ExportPrecisionNormal = 5
  ExportPrecisionHigh = 1
  PreviewParams.Options = []
  PreviewParams.ShowToolbars = [prptPreviewCommon]
  SystemInfo = (
    'OS: WIN32_WINDOWS 4.10.67766446  A '
    ''
    'PageSize: 4096'
    'ActiveProcessorMask: $1000'
    'NumberOfProcessors: 1'
    'ProcessorType: 586'
    ''
    'Compiler version: Delphi4'
    'PReport version: 1.50.1')
  LOGPIXELSX = 96
  LOGPIXELSY = 96
  object TprPage
    Width = 2100
    Height = 2970
    PaperSize = 9
    Orientation = poPortrait
    lMargin = 6
    rMargin = 7
    tMargin = 10
    bMargin = 10
    object prHTitleBand1: TprHTitleBand
      ResizeMode = prbrmNone
      Visible = True
      Height = 40
      UseVerticalBands = False
      object TprMemoObj
        dRec.DefVersion = 0
        dRec.Versions = <
          item
            Visible = True
            Memo.Strings = (
              'Clients')
            lBorder.Show = False
            lBorder.Style = psSolid
            lBorder.Color = clBlack
            lBorder.Width = 1
            rBorder.Show = False
            rBorder.Style = psSolid
            rBorder.Color = clBlack
            rBorder.Width = 1
            tBorder.Show = False
            tBorder.Style = psSolid
            tBorder.Color = clBlack
            tBorder.Width = 1
            bBorder.Show = True
            bBorder.Style = psSolid
            bBorder.Color = clBlack
            bBorder.Width = 1
            FillColor = clWhite
            hAlign = prhCenter
            vAlign = prvCenter
            Font.Charset = DEFAULT_CHARSET
            Font.Color = clWindowText
            Font.Height = -21
            Font.Name = 'Arial Cyr'
            Font.Style = [fsBold, fsItalic]
            Rotate90 = False
            DeleteEmptyLinesAtEnd = False
            DeleteEmptyLines = False
            CanResizeX = False
            CanResizeY = False
            WordWrap = False
            FontSize = 16
          end>
        dRec.Left = 217
        dRec.Top = 7
        dRec.Right = 482
        dRec.Bottom = 32
        TopMode = prlmMaxBottom
        LeftMode = prlmMaxRight
        WidthMode = prrmMaxRight
        HeightMode = prrmMaxBottom
        Visible = False
      end
    end
    object prHDetailBand1: TprHDetailBand
      ResizeMode = prbrmNone
      Visible = True
      Height = 80
      UseVerticalBands = False
      DataSetName = 'customers'
      ColCount = 1
      ColDirection = prcdTopBottomLeftRight
      Bands = (
        'prHDetailBand2')
      object TprMemoObj
        dRec.DefVersion = 0
        dRec.Versions = <
          item
            Visible = True
            lBorder.Show = False
            lBorder.Style = psSolid
            lBorder.Color = clBlack
            lBorder.Width = 1
            rBorder.Show = False
            rBorder.Style = psSolid
            rBorder.Color = clBlack
            rBorder.Width = 1
            tBorder.Show = False
            tBorder.Style = psSolid
            tBorder.Color = clBlack
            tBorder.Width = 1
            bBorder.Show = False
            bBorder.Style = psSolid
            bBorder.Color = clBlack
            bBorder.Width = 1
            FillColor = 15712159
            hAlign = prhLeft
            vAlign = prvTop
            Font.Charset = DEFAULT_CHARSET
            Font.Color = clWindowText
            Font.Height = -13
            Font.Name = 'Arial Cyr'
            Font.Style = []
            Rotate90 = False
            DeleteEmptyLinesAtEnd = False
            DeleteEmptyLines = False
            CanResizeX = False
            CanResizeY = False
            WordWrap = False
            FontSize = 10
          end>
        dRec.Left = 4
        dRec.Top = 3
        dRec.Right = 741
        dRec.Bottom = 76
        TopMode = prlmMaxBottom
        LeftMode = prlmMaxRight
        WidthMode = prrmMaxRight
        HeightMode = prrmMaxBottom
        Visible = False
      end
      object TprMemoObj
        dRec.DefVersion = 0
        dRec.Versions = <
          item
            Visible = True
            Memo.Strings = (
              'Company')
            lBorder.Show = False
            lBorder.Style = psSolid
            lBorder.Color = clBlack
            lBorder.Width = 1
            rBorder.Show = False
            rBorder.Style = psSolid
            rBorder.Color = clBlack
            rBorder.Width = 1
            tBorder.Show = False
            tBorder.Style = psSolid
            tBorder.Color = clBlack
            tBorder.Width = 1
            bBorder.Show = True
            bBorder.Style = psSolid
            bBorder.Color = clBlack
            bBorder.Width = 1
            FillColor = clNone
            hAlign = prhLeft
            vAlign = prvTop
            Font.Charset = DEFAULT_CHARSET
            Font.Color = clWindowText
            Font.Height = -16
            Font.Name = 'Arial Cyr'
            Font.Style = [fsBold]
            Rotate90 = False
            DeleteEmptyLinesAtEnd = False
            DeleteEmptyLines = False
            CanResizeX = False
            CanResizeY = False
            WordWrap = False
            FontSize = 12
          end>
        dRec.Left = 18
        dRec.Top = 13
        dRec.Right = 475
        dRec.Bottom = 34
        TopMode = prlmMaxBottom
        LeftMode = prlmMaxRight
        WidthMode = prrmMaxRight
        HeightMode = prrmMaxBottom
        Visible = False
      end
      object TprMemoObj
        dRec.DefVersion = 0
        dRec.Versions = <
          item
            Visible = True
            Memo.Strings = (
              '[Customers.Company]')
            lBorder.Show = False
            lBorder.Style = psSolid
            lBorder.Color = clBlack
            lBorder.Width = 1
            rBorder.Show = False
            rBorder.Style = psSolid
            rBorder.Color = clBlack
            rBorder.Width = 1
            tBorder.Show = False
            tBorder.Style = psSolid
            tBorder.Color = clBlack
            tBorder.Width = 1
            bBorder.Show = False
            bBorder.Style = psSolid
            bBorder.Color = clBlack
            bBorder.Width = 1
            FillColor = clNone
            hAlign = prhLeft
            vAlign = prvTop
            Font.Charset = DEFAULT_CHARSET
            Font.Color = clWindowText
            Font.Height = -19
            Font.Name = 'Arial Cyr'
            Font.Style = []
            Rotate90 = False
            DeleteEmptyLinesAtEnd = False
            DeleteEmptyLines = False
            CanResizeX = False
            CanResizeY = False
            WordWrap = False
            FontSize = 14
          end>
        dRec.Left = 18
        dRec.Top = 42
        dRec.Right = 475
        dRec.Bottom = 71
        TopMode = prlmMaxBottom
        LeftMode = prlmMaxRight
        WidthMode = prrmMaxRight
        HeightMode = prrmMaxBottom
        Visible = False
      end
      object TprMemoObj
        dRec.DefVersion = 0
        dRec.Versions = <
          item
            Visible = True
            Memo.Strings = (
              'Phone')
            lBorder.Show = False
            lBorder.Style = psSolid
            lBorder.Color = clBlack
            lBorder.Width = 1
            rBorder.Show = False
            rBorder.Style = psSolid
            rBorder.Color = clBlack
            rBorder.Width = 1
            tBorder.Show = False
            tBorder.Style = psSolid
            tBorder.Color = clBlack
            tBorder.Width = 1
            bBorder.Show = True
            bBorder.Style = psSolid
            bBorder.Color = clBlack
            bBorder.Width = 1
            FillColor = clNone
            hAlign = prhLeft
            vAlign = prvTop
            Font.Charset = DEFAULT_CHARSET
            Font.Color = clWindowText
            Font.Height = -16
            Font.Name = 'Arial Cyr'
            Font.Style = [fsBold]
            Rotate90 = False
            DeleteEmptyLinesAtEnd = False
            DeleteEmptyLines = False
            CanResizeX = False
            CanResizeY = False
            WordWrap = False
            FontSize = 12
          end>
        dRec.Left = 482
        dRec.Top = 13
        dRec.Right = 607
        dRec.Bottom = 34
        TopMode = prlmMaxBottom
        LeftMode = prlmMaxRight
        WidthMode = prrmMaxRight
        HeightMode = prrmMaxBottom
        Visible = False
      end
      object TprMemoObj
        dRec.DefVersion = 0
        dRec.Versions = <
          item
            Visible = True
            Memo.Strings = (
              '[Customers.Phone]')
            lBorder.Show = False
            lBorder.Style = psSolid
            lBorder.Color = clBlack
            lBorder.Width = 1
            rBorder.Show = False
            rBorder.Style = psSolid
            rBorder.Color = clBlack
            rBorder.Width = 1
            tBorder.Show = False
            tBorder.Style = psSolid
            tBorder.Color = clBlack
            tBorder.Width = 1
            bBorder.Show = False
            bBorder.Style = psSolid
            bBorder.Color = clBlack
            bBorder.Width = 1
            FillColor = clNone
            hAlign = prhLeft
            vAlign = prvTop
            Font.Charset = DEFAULT_CHARSET
            Font.Color = clWindowText
            Font.Height = -19
            Font.Name = 'Arial Cyr'
            Font.Style = []
            Rotate90 = False
            DeleteEmptyLinesAtEnd = False
            DeleteEmptyLines = False
            CanResizeX = False
            CanResizeY = False
            WordWrap = False
            FontSize = 14
          end>
        dRec.Left = 482
        dRec.Top = 42
        dRec.Right = 607
        dRec.Bottom = 71
        TopMode = prlmMaxBottom
        LeftMode = prlmMaxRight
        WidthMode = prrmMaxRight
        HeightMode = prrmMaxBottom
        Visible = False
      end
      object TprMemoObj
        dRec.DefVersion = 0
        dRec.Versions = <
          item
            Visible = True
            Memo.Strings = (
              '[Customers.FAX]')
            lBorder.Show = False
            lBorder.Style = psSolid
            lBorder.Color = clBlack
            lBorder.Width = 1
            rBorder.Show = False
            rBorder.Style = psSolid
            rBorder.Color = clBlack
            rBorder.Width = 1
            tBorder.Show = False
            tBorder.Style = psSolid
            tBorder.Color = clBlack
            tBorder.Width = 1
            bBorder.Show = False
            bBorder.Style = psSolid
            bBorder.Color = clBlack
            bBorder.Width = 1
            FillColor = clNone
            hAlign = prhLeft
            vAlign = prvTop
            Font.Charset = DEFAULT_CHARSET
            Font.Color = clWindowText
            Font.Height = -19
            Font.Name = 'Arial Cyr'
            Font.Style = []
            Rotate90 = False
            DeleteEmptyLinesAtEnd = False
            DeleteEmptyLines = False
            CanResizeX = False
            CanResizeY = False
            WordWrap = False
            FontSize = 14
          end>
        dRec.Left = 618
        dRec.Top = 42
        dRec.Right = 739
        dRec.Bottom = 71
        TopMode = prlmMaxBottom
        LeftMode = prlmMaxRight
        WidthMode = prrmMaxRight
        HeightMode = prrmMaxBottom
        Visible = False
      end
      object TprMemoObj
        dRec.DefVersion = 0
        dRec.Versions = <
          item
            Visible = True
            Memo.Strings = (
              'Fax')
            lBorder.Show = False
            lBorder.Style = psSolid
            lBorder.Color = clBlack
            lBorder.Width = 1
            rBorder.Show = False
            rBorder.Style = psSolid
            rBorder.Color = clBlack
            rBorder.Width = 1
            tBorder.Show = False
            tBorder.Style = psSolid
            tBorder.Color = clBlack
            tBorder.Width = 1
            bBorder.Show = True
            bBorder.Style = psSolid
            bBorder.Color = clBlack
            bBorder.Width = 1
            FillColor = clNone
            hAlign = prhLeft
            vAlign = prvTop
            Font.Charset = DEFAULT_CHARSET
            Font.Color = clWindowText
            Font.Height = -16
            Font.Name = 'Arial Cyr'
            Font.Style = [fsBold]
            Rotate90 = False
            DeleteEmptyLinesAtEnd = False
            DeleteEmptyLines = False
            CanResizeX = False
            CanResizeY = False
            WordWrap = False
            FontSize = 12
          end>
        dRec.Left = 618
        dRec.Top = 13
        dRec.Right = 739
        dRec.Bottom = 34
        TopMode = prlmMaxBottom
        LeftMode = prlmMaxRight
        WidthMode = prrmMaxRight
        HeightMode = prrmMaxBottom
        Visible = False
      end
    end
    object prHDetailBand2: TprHDetailBand
      ResizeMode = prbrmNone
      Visible = True
      Height = 28
      UseVerticalBands = False
      DataSetName = 'OrdersLinkedToCustomers'
      ColCount = 1
      ColDirection = prcdTopBottomLeftRight
      ParentDetail = prHDetailBand1
      Bands = (
        'prHDetailBand3')
      object prMemoObj1: TprMemoObj
        dRec.DefVersion = 0
        dRec.Versions = <
          item
            Visible = True
            Memo.Strings = (
              
                'Order ¹ [OrdersLinkedToCustomers.OrderNo] [:<mm.dd.yyyy>OrdersLi' +
                'nkedToCustomers.SaleDate]')
            lBorder.Show = False
            lBorder.Style = psSolid
            lBorder.Color = clBlack
            lBorder.Width = 1
            rBorder.Show = False
            rBorder.Style = psSolid
            rBorder.Color = clBlack
            rBorder.Width = 1
            tBorder.Show = False
            tBorder.Style = psSolid
            tBorder.Color = clBlack
            tBorder.Width = 1
            bBorder.Show = True
            bBorder.Style = psSolid
            bBorder.Color = clBlack
            bBorder.Width = 1
            FillColor = 12566463
            hAlign = prhLeft
            vAlign = prvCenter
            Font.Charset = DEFAULT_CHARSET
            Font.Color = clWindowText
            Font.Height = -13
            Font.Name = 'Arial Cyr'
            Font.Style = [fsBold]
            Rotate90 = False
            DeleteEmptyLinesAtEnd = False
            DeleteEmptyLines = False
            CanResizeX = False
            CanResizeY = False
            WordWrap = False
            FontSize = 10
          end>
        dRec.Left = 4
        dRec.Top = 3
        dRec.Right = 629
        dRec.Bottom = 24
        TopMode = prlmMaxBottom
        LeftMode = prlmMaxRight
        WidthMode = prrmMaxRight
        HeightMode = prrmMaxBottom
        Visible = False
      end
    end
    object prHDetailBand3: TprHDetailBand
      ResizeMode = prbrmMaxObj
      Visible = True
      Height = 40
      UseVerticalBands = False
      DataSetName = 'ItemsLinkedToOrders'
      ColCount = 1
      ColDirection = prcdTopBottomLeftRight
      ParentDetail = prHDetailBand2
      Bands = (
        'prHDetailHeaderBand1'
        'prHDetailFooterBand1')
      object prMemoObj2: TprMemoObj
        dRec.DefVersion = 0
        dRec.Versions = <
          item
            Visible = True
            Memo.Strings = (
              '[ItemsLinkedToOrders.Description]')
            lBorder.Show = False
            lBorder.Style = psSolid
            lBorder.Color = clBlack
            lBorder.Width = 1
            rBorder.Show = False
            rBorder.Style = psSolid
            rBorder.Color = clBlack
            rBorder.Width = 1
            tBorder.Show = False
            tBorder.Style = psSolid
            tBorder.Color = clBlack
            tBorder.Width = 1
            bBorder.Show = False
            bBorder.Style = psSolid
            bBorder.Color = clBlack
            bBorder.Width = 1
            FillColor = clWhite
            hAlign = prhLeft
            vAlign = prvTop
            Font.Charset = DEFAULT_CHARSET
            Font.Color = clWindowText
            Font.Height = -11
            Font.Name = 'Arial Cyr'
            Font.Style = []
            Rotate90 = False
            DeleteEmptyLinesAtEnd = False
            DeleteEmptyLines = False
            CanResizeX = False
            CanResizeY = True
            WordWrap = False
            FontSize = 8
          end>
        dRec.Left = 4
        dRec.Top = 3
        dRec.Right = 401
        dRec.Bottom = 24
        TopMode = prlmMaxBottom
        LeftMode = prlmMaxRight
        WidthMode = prrmMaxRight
        HeightMode = prrmMaxBottom
        Visible = False
      end
      object prMemoObj3: TprMemoObj
        dRec.DefVersion = 0
        dRec.Versions = <
          item
            Visible = True
            Memo.Strings = (
              '[:<c>ItemsLinkedToOrders.ListPrice]')
            lBorder.Show = False
            lBorder.Style = psSolid
            lBorder.Color = clBlack
            lBorder.Width = 1
            rBorder.Show = False
            rBorder.Style = psSolid
            rBorder.Color = clBlack
            rBorder.Width = 1
            tBorder.Show = False
            tBorder.Style = psSolid
            tBorder.Color = clBlack
            tBorder.Width = 1
            bBorder.Show = False
            bBorder.Style = psSolid
            bBorder.Color = clBlack
            bBorder.Width = 1
            FillColor = clWhite
            hAlign = prhRight
            vAlign = prvTop
            Font.Charset = DEFAULT_CHARSET
            Font.Color = clWindowText
            Font.Height = -11
            Font.Name = 'Arial Cyr'
            Font.Style = []
            Rotate90 = False
            DeleteEmptyLinesAtEnd = False
            DeleteEmptyLines = False
            CanResizeX = False
            CanResizeY = True
            WordWrap = False
            FontSize = 8
          end>
        dRec.Left = 404
        dRec.Top = 3
        dRec.Right = 513
        dRec.Bottom = 24
        TopMode = prlmMaxBottom
        LeftMode = prlmMaxRight
        WidthMode = prrmMaxRight
        HeightMode = prrmMaxBottom
        Visible = False
      end
      object prMemoObj4: TprMemoObj
        dRec.DefVersion = 0
        dRec.Versions = <
          item
            Visible = True
            Memo.Strings = (
              '[:<#,0.000>ItemsLinkedToOrders.Qty]')
            lBorder.Show = False
            lBorder.Style = psSolid
            lBorder.Color = clBlack
            lBorder.Width = 1
            rBorder.Show = False
            rBorder.Style = psSolid
            rBorder.Color = clBlack
            rBorder.Width = 1
            tBorder.Show = False
            tBorder.Style = psSolid
            tBorder.Color = clBlack
            tBorder.Width = 1
            bBorder.Show = False
            bBorder.Style = psSolid
            bBorder.Color = clBlack
            bBorder.Width = 1
            FillColor = clWhite
            hAlign = prhRight
            vAlign = prvTop
            Font.Charset = DEFAULT_CHARSET
            Font.Color = clWindowText
            Font.Height = -11
            Font.Name = 'Arial Cyr'
            Font.Style = []
            Rotate90 = False
            DeleteEmptyLinesAtEnd = False
            DeleteEmptyLines = False
            CanResizeX = False
            CanResizeY = True
            WordWrap = False
            FontSize = 8
          end>
        dRec.Left = 516
        dRec.Top = 3
        dRec.Right = 629
        dRec.Bottom = 24
        TopMode = prlmMaxBottom
        LeftMode = prlmMaxRight
        WidthMode = prrmMaxRight
        HeightMode = prrmMaxBottom
        Visible = False
      end
      object prMemoObj5: TprMemoObj
        dRec.DefVersion = 0
        dRec.Versions = <
          item
            Visible = True
            Memo.Strings = (
              '[:<c>ItemsLinkedToOrders.ListPrice*ItemsLinkedToOrders.Qty]')
            lBorder.Show = False
            lBorder.Style = psSolid
            lBorder.Color = clBlack
            lBorder.Width = 1
            rBorder.Show = False
            rBorder.Style = psSolid
            rBorder.Color = clBlack
            rBorder.Width = 1
            tBorder.Show = False
            tBorder.Style = psSolid
            tBorder.Color = clBlack
            tBorder.Width = 1
            bBorder.Show = False
            bBorder.Style = psSolid
            bBorder.Color = clBlack
            bBorder.Width = 1
            FillColor = clWhite
            hAlign = prhRight
            vAlign = prvTop
            Font.Charset = DEFAULT_CHARSET
            Font.Color = clWindowText
            Font.Height = -11
            Font.Name = 'Arial Cyr'
            Font.Style = []
            Rotate90 = False
            DeleteEmptyLinesAtEnd = False
            DeleteEmptyLines = False
            CanResizeX = False
            CanResizeY = True
            WordWrap = False
            FontSize = 8
          end>
        dRec.Left = 632
        dRec.Top = 3
        dRec.Right = 741
        dRec.Bottom = 24
        TopMode = prlmMaxBottom
        LeftMode = prlmMaxRight
        WidthMode = prrmMaxRight
        HeightMode = prrmMaxBottom
        Visible = False
      end
    end
    object prHDetailHeaderBand1: TprHDetailHeaderBand
      ResizeMode = prbrmMaxObj
      Visible = True
      Height = 40
      UseVerticalBands = False
      DetailBand = prHDetailBand3
      ColCount = 0
      ColDirection = prcdTopBottomLeftRight
      ReprintOnEachPage = False
      LinkToDetail = False
      object TprMemoObj
        dRec.DefVersion = 0
        dRec.Versions = <
          item
            Visible = True
            Memo.Strings = (
              'Cost')
            lBorder.Show = False
            lBorder.Style = psSolid
            lBorder.Color = clBlack
            lBorder.Width = 1
            rBorder.Show = False
            rBorder.Style = psSolid
            rBorder.Color = clBlack
            rBorder.Width = 1
            tBorder.Show = False
            tBorder.Style = psSolid
            tBorder.Color = clBlack
            tBorder.Width = 1
            bBorder.Show = False
            bBorder.Style = psSolid
            bBorder.Color = clBlack
            bBorder.Width = 1
            FillColor = clWhite
            hAlign = prhRight
            vAlign = prvTop
            Font.Charset = DEFAULT_CHARSET
            Font.Color = clWindowText
            Font.Height = -11
            Font.Name = 'Arial Cyr'
            Font.Style = [fsBold]
            Rotate90 = False
            DeleteEmptyLinesAtEnd = False
            DeleteEmptyLines = False
            CanResizeX = False
            CanResizeY = True
            WordWrap = False
            FontSize = 8
          end>
        dRec.Left = 408
        dRec.Top = 3
        dRec.Right = 517
        dRec.Bottom = 24
        TopMode = prlmMaxBottom
        LeftMode = prlmMaxRight
        WidthMode = prrmMaxRight
        HeightMode = prrmMaxBottom
        Visible = False
      end
      object TprMemoObj
        dRec.DefVersion = 0
        dRec.Versions = <
          item
            Visible = True
            Memo.Strings = (
              'Quantity')
            lBorder.Show = False
            lBorder.Style = psSolid
            lBorder.Color = clBlack
            lBorder.Width = 1
            rBorder.Show = False
            rBorder.Style = psSolid
            rBorder.Color = clBlack
            rBorder.Width = 1
            tBorder.Show = False
            tBorder.Style = psSolid
            tBorder.Color = clBlack
            tBorder.Width = 1
            bBorder.Show = False
            bBorder.Style = psSolid
            bBorder.Color = clBlack
            bBorder.Width = 1
            FillColor = clWhite
            hAlign = prhRight
            vAlign = prvTop
            Font.Charset = DEFAULT_CHARSET
            Font.Color = clWindowText
            Font.Height = -11
            Font.Name = 'Arial Cyr'
            Font.Style = [fsBold]
            Rotate90 = False
            DeleteEmptyLinesAtEnd = False
            DeleteEmptyLines = False
            CanResizeX = False
            CanResizeY = True
            WordWrap = False
            FontSize = 8
          end>
        dRec.Left = 520
        dRec.Top = 3
        dRec.Right = 633
        dRec.Bottom = 24
        TopMode = prlmMaxBottom
        LeftMode = prlmMaxRight
        WidthMode = prrmMaxRight
        HeightMode = prrmMaxBottom
        Visible = False
      end
      object TprMemoObj
        dRec.DefVersion = 0
        dRec.Versions = <
          item
            Visible = True
            Memo.Strings = (
              'Description')
            lBorder.Show = False
            lBorder.Style = psSolid
            lBorder.Color = clBlack
            lBorder.Width = 1
            rBorder.Show = False
            rBorder.Style = psSolid
            rBorder.Color = clBlack
            rBorder.Width = 1
            tBorder.Show = False
            tBorder.Style = psSolid
            tBorder.Color = clBlack
            tBorder.Width = 1
            bBorder.Show = False
            bBorder.Style = psSolid
            bBorder.Color = clBlack
            bBorder.Width = 1
            FillColor = clWhite
            hAlign = prhLeft
            vAlign = prvTop
            Font.Charset = DEFAULT_CHARSET
            Font.Color = clWindowText
            Font.Height = -11
            Font.Name = 'Arial Cyr'
            Font.Style = [fsBold]
            Rotate90 = False
            DeleteEmptyLinesAtEnd = False
            DeleteEmptyLines = False
            CanResizeX = False
            CanResizeY = True
            WordWrap = False
            FontSize = 8
          end>
        dRec.Left = 8
        dRec.Top = 3
        dRec.Right = 405
        dRec.Bottom = 24
        TopMode = prlmMaxBottom
        LeftMode = prlmMaxRight
        WidthMode = prrmMaxRight
        HeightMode = prrmMaxBottom
        Visible = False
      end
      object TprMemoObj
        dRec.DefVersion = 0
        dRec.Versions = <
          item
            Visible = True
            Memo.Strings = (
              'Sum')
            lBorder.Show = False
            lBorder.Style = psSolid
            lBorder.Color = clBlack
            lBorder.Width = 1
            rBorder.Show = False
            rBorder.Style = psSolid
            rBorder.Color = clBlack
            rBorder.Width = 1
            tBorder.Show = False
            tBorder.Style = psSolid
            tBorder.Color = clBlack
            tBorder.Width = 1
            bBorder.Show = False
            bBorder.Style = psSolid
            bBorder.Color = clBlack
            bBorder.Width = 1
            FillColor = clWhite
            hAlign = prhRight
            vAlign = prvTop
            Font.Charset = DEFAULT_CHARSET
            Font.Color = clWindowText
            Font.Height = -11
            Font.Name = 'Arial Cyr'
            Font.Style = [fsBold]
            Rotate90 = False
            DeleteEmptyLinesAtEnd = False
            DeleteEmptyLines = False
            CanResizeX = False
            CanResizeY = True
            WordWrap = False
            FontSize = 8
          end>
        dRec.Left = 636
        dRec.Top = 3
        dRec.Right = 741
        dRec.Bottom = 24
        TopMode = prlmMaxBottom
        LeftMode = prlmMaxRight
        WidthMode = prrmMaxRight
        HeightMode = prrmMaxBottom
        Visible = False
      end
    end
    object prHDetailFooterBand1: TprHDetailFooterBand
      ResizeMode = prbrmMaxObj
      Visible = True
      Height = 28
      UseVerticalBands = False
      DetailBand = prHDetailBand3
      ColCount = 0
      ColDirection = prcdTopBottomLeftRight
      LinkToDetail = False
      object prMemoObj6: TprMemoObj
        dRec.DefVersion = 0
        dRec.Versions = <
          item
            Visible = True
            Memo.Strings = (
              'Sum by order: [:<c>OrdersTotal]')
            lBorder.Show = False
            lBorder.Style = psSolid
            lBorder.Color = clBlack
            lBorder.Width = 1
            rBorder.Show = False
            rBorder.Style = psSolid
            rBorder.Color = clBlack
            rBorder.Width = 1
            tBorder.Show = False
            tBorder.Style = psSolid
            tBorder.Color = clBlack
            tBorder.Width = 1
            bBorder.Show = True
            bBorder.Style = psSolid
            bBorder.Color = clBlack
            bBorder.Width = 1
            FillColor = 12572607
            hAlign = prhRight
            vAlign = prvCenter
            Font.Charset = DEFAULT_CHARSET
            Font.Color = clWindowText
            Font.Height = -13
            Font.Name = 'Arial Cyr'
            Font.Style = [fsBold]
            Rotate90 = False
            DeleteEmptyLinesAtEnd = False
            DeleteEmptyLines = False
            CanResizeX = False
            CanResizeY = True
            WordWrap = False
            FontSize = 10
          end>
        dRec.Left = 4
        dRec.Top = 3
        dRec.Right = 629
        dRec.Bottom = 24
        TopMode = prlmMaxBottom
        LeftMode = prlmMaxRight
        WidthMode = prrmMaxRight
        HeightMode = prrmMaxBottom
        Visible = False
      end
    end
    object prHPageFooterBand1: TprHPageFooterBand
      ResizeMode = prbrmNone
      Visible = True
      Height = 40
      UseVerticalBands = False
      PrintOnFirstPage = False
      PrintAfterLastBandOnPage = False
      object prMemoObj7: TprMemoObj
        dRec.DefVersion = 0
        dRec.Versions = <
          item
            Visible = True
            Memo.Strings = (
              'Page [Page] from [PagesCount]')
            lBorder.Show = False
            lBorder.Style = psSolid
            lBorder.Color = clBlack
            lBorder.Width = 1
            rBorder.Show = False
            rBorder.Style = psSolid
            rBorder.Color = clBlack
            rBorder.Width = 1
            tBorder.Show = True
            tBorder.Style = psSolid
            tBorder.Color = clBlack
            tBorder.Width = 1
            bBorder.Show = False
            bBorder.Style = psSolid
            bBorder.Color = clBlack
            bBorder.Width = 1
            FillColor = clWhite
            hAlign = prhRight
            vAlign = prvCenter
            Font.Charset = DEFAULT_CHARSET
            Font.Color = clWindowText
            Font.Height = -11
            Font.Name = 'Arial Cyr'
            Font.Style = []
            Rotate90 = False
            DeleteEmptyLinesAtEnd = False
            DeleteEmptyLines = False
            CanResizeX = False
            CanResizeY = False
            WordWrap = False
            FontSize = 8
          end>
        dRec.Left = 593
        dRec.Top = 12
        dRec.Right = 734
        dRec.Bottom = 29
        TopMode = prlmMaxBottom
        LeftMode = prlmMaxRight
        WidthMode = prrmMaxRight
        HeightMode = prrmMaxBottom
        Visible = False
      end
    end
  end
end
