object TprReport
  ShowProgress = True
  CanUserEdit = False
  DesignerFormMode = fmNormal
  PreviewFormMode = fmNormal
  Collate = False
  Copies = 1
  FromPage = -1
  ToPage = -1
  PrintPagesMode = ppmAll
  ExportOptions = [preoShowParamsDlg, preoShowProgress, preoShowAfterGenerate]
  ExportPagesMode = ppmAll
  ExportFromPage = 0
  ExportToPage = 0
  Values = <>
  PrinterName = 'Virtual printer'
  ExportPrecision = 1
  ExportPrecisionLow = 10
  ExportPrecisionNormal = 5
  ExportPrecisionHigh = 1
  PreviewParams.Options = []
  PreviewParams.ShowToolbars = [prptPreviewCommon]
  SystemInfo = (
    'OS: WIN32_WINDOWS 4.10.67766446  A '
    ''
    'PageSize: 4096'
    'ActiveProcessorMask: $1000'
    'NumberOfProcessors: 1'
    'ProcessorType: 586'
    ''
    'Compiler version: Delphi4'
    'PReport version: 1.50.1')
  LOGPIXELSX = 96
  LOGPIXELSY = 96
  object TprPage
    Width = 2100
    Height = 2970
    PaperSize = 9
    Orientation = poPortrait
    lMargin = 10
    rMargin = 10
    tMargin = 10
    bMargin = 10
    object prHTitleBand1: TprHTitleBand
      ResizeMode = prbrmNone
      Visible = True
      Height = 55
      UseVerticalBands = False
      object prMemoObj1: TprMemoObj
        dRec.DefVersion = 0
        dRec.Versions = <
          item
            Visible = True
            Memo.Strings = (
              '[:<dd mmmm yyyyy hh:nn:ss>StartDateTime]')
            lBorder.Show = False
            lBorder.Style = psSolid
            lBorder.Color = clBlack
            lBorder.Width = 1
            rBorder.Show = False
            rBorder.Style = psSolid
            rBorder.Color = clBlack
            rBorder.Width = 1
            tBorder.Show = False
            tBorder.Style = psSolid
            tBorder.Color = clBlack
            tBorder.Width = 1
            bBorder.Show = False
            bBorder.Style = psSolid
            bBorder.Color = clBlack
            bBorder.Width = 1
            FillColor = clWhite
            hAlign = prhLeft
            vAlign = prvCenter
            Font.Charset = DEFAULT_CHARSET
            Font.Color = clWindowText
            Font.Height = -11
            Font.Name = 'Arial Cyr'
            Font.Style = [fsBold]
            Rotate90 = False
            DeleteEmptyLinesAtEnd = False
            DeleteEmptyLines = False
            CanResizeX = False
            CanResizeY = False
            WordWrap = False
            FontSize = 8
          end>
        dRec.Left = 6
        dRec.Top = 6
        dRec.Right = 271
        dRec.Bottom = 23
        TopMode = prlmMaxBottom
        LeftMode = prlmMaxRight
        WidthMode = prrmMaxRight
        HeightMode = prrmMaxBottom
        Visible = False
      end
      object prMemoObj2: TprMemoObj
        dRec.DefVersion = 0
        dRec.Versions = <
          item
            Visible = True
            Memo.Strings = (
              'List of fish Inprise')
            lBorder.Show = False
            lBorder.Style = psSolid
            lBorder.Color = clBlack
            lBorder.Width = 1
            rBorder.Show = False
            rBorder.Style = psSolid
            rBorder.Color = clBlack
            rBorder.Width = 1
            tBorder.Show = False
            tBorder.Style = psSolid
            tBorder.Color = clBlack
            tBorder.Width = 1
            bBorder.Show = False
            bBorder.Style = psSolid
            bBorder.Color = clBlack
            bBorder.Width = 1
            FillColor = clWhite
            hAlign = prhCenter
            vAlign = prvCenter
            Font.Charset = DEFAULT_CHARSET
            Font.Color = 8323072
            Font.Height = -27
            Font.Name = 'Arial Cyr'
            Font.Style = [fsBold, fsItalic]
            Rotate90 = False
            DeleteEmptyLinesAtEnd = False
            DeleteEmptyLines = False
            CanResizeX = False
            CanResizeY = False
            WordWrap = False
            FontSize = 20
          end>
        dRec.Left = 278
        dRec.Top = 6
        dRec.Right = 711
        dRec.Bottom = 47
        TopMode = prlmMaxBottom
        LeftMode = prlmMaxRight
        WidthMode = prrmMaxRight
        HeightMode = prrmMaxBottom
        Visible = False
      end
    end
    object prHPageHeaderBand1: TprHPageHeaderBand
      ResizeMode = prbrmNone
      Visible = True
      Height = 23
      UseVerticalBands = False
      PrintOnFirstPage = True
      object prMemoObj3: TprMemoObj
        dRec.DefVersion = 0
        dRec.Versions = <
          item
            Visible = True
            Memo.Strings = (
              'Page [Page] from [PagesCount]')
            lBorder.Show = False
            lBorder.Style = psSolid
            lBorder.Color = clBlack
            lBorder.Width = 1
            rBorder.Show = False
            rBorder.Style = psSolid
            rBorder.Color = clBlack
            rBorder.Width = 1
            tBorder.Show = False
            tBorder.Style = psSolid
            tBorder.Color = clBlack
            tBorder.Width = 1
            bBorder.Show = True
            bBorder.Style = psSolid
            bBorder.Color = clBlack
            bBorder.Width = 1
            FillColor = clWhite
            hAlign = prhRight
            vAlign = prvCenter
            Font.Charset = DEFAULT_CHARSET
            Font.Color = clWindowText
            Font.Height = -11
            Font.Name = 'Arial Cyr'
            Font.Style = []
            Rotate90 = False
            DeleteEmptyLinesAtEnd = False
            DeleteEmptyLines = False
            CanResizeX = False
            CanResizeY = False
            WordWrap = False
            FontSize = 8
          end>
        dRec.Left = 2
        dRec.Top = 3
        dRec.Right = 711
        dRec.Bottom = 20
        TopMode = prlmMaxBottom
        LeftMode = prlmMaxRight
        WidthMode = prrmMaxRight
        HeightMode = prrmMaxBottom
        Visible = False
      end
    end
    object prHDetailBand1: TprHDetailBand
      ResizeMode = prbrmMaxResizeObj
      Visible = True
      Height = 85
      UseVerticalBands = False
      DataSetName = 'biolife'
      ColCount = 1
      ColDirection = prcdTopBottomLeftRight
      ResizeObjs = (
        'prImageObj1'
        'prMemoObj5')
      object prImageObj1: TprImageObj
        dRec.DefVersion = 0
        dRec.Versions = <
          item
            Visible = True
            ImageSource = isDBFieldName
            DBFieldName = 'biolife.Graphic'
            DrawMode = prdmResizeHeightWidth
            FillColor = clNone
          end>
        dRec.Left = 382
        dRec.Top = 4
        dRec.Right = 611
        dRec.Bottom = 81
        TopMode = prlmMaxBottom
        LeftMode = prlmMaxRight
        WidthMode = prrmMaxRight
        HeightMode = prrmMaxBottom
        Visible = False
      end
      object prMemoObj4: TprMemoObj
        dRec.DefVersion = 0
        dRec.Versions = <
          item
            Visible = True
            Memo.Strings = (
              'Name: [biolife.Common_Name]'
              'Category: [biolife.Category]')
            lBorder.Show = False
            lBorder.Style = psSolid
            lBorder.Color = clBlack
            lBorder.Width = 1
            rBorder.Show = False
            rBorder.Style = psSolid
            rBorder.Color = clBlack
            rBorder.Width = 1
            tBorder.Show = False
            tBorder.Style = psSolid
            tBorder.Color = clBlack
            tBorder.Width = 1
            bBorder.Show = False
            bBorder.Style = psSolid
            bBorder.Color = clBlack
            bBorder.Width = 1
            FillColor = 12566463
            hAlign = prhLeft
            vAlign = prvTop
            Font.Charset = DEFAULT_CHARSET
            Font.Color = clWindowText
            Font.Height = -13
            Font.Name = 'Arial Cyr'
            Font.Style = [fsBold]
            Rotate90 = False
            DeleteEmptyLinesAtEnd = False
            DeleteEmptyLines = False
            CanResizeX = False
            CanResizeY = False
            WordWrap = False
            FontSize = 10
          end>
        dRec.Left = 2
        dRec.Top = 4
        dRec.Right = 375
        dRec.Bottom = 41
        TopMode = prlmMaxBottom
        LeftMode = prlmMaxRight
        WidthMode = prrmMaxRight
        HeightMode = prrmMaxBottom
        Visible = False
      end
      object prMemoObj5: TprMemoObj
        dRec.DefVersion = 0
        dRec.Versions = <
          item
            Visible = True
            Memo.Strings = (
              'Notes:'
              '[biolife.Notes]')
            lBorder.Show = True
            lBorder.Style = psSolid
            lBorder.Color = clBlack
            lBorder.Width = 1
            rBorder.Show = True
            rBorder.Style = psSolid
            rBorder.Color = clBlack
            rBorder.Width = 1
            tBorder.Show = True
            tBorder.Style = psSolid
            tBorder.Color = clBlack
            tBorder.Width = 1
            bBorder.Show = True
            bBorder.Style = psSolid
            bBorder.Color = clBlack
            bBorder.Width = 1
            FillColor = clWhite
            hAlign = prhLeft
            vAlign = prvTop
            Font.Charset = DEFAULT_CHARSET
            Font.Color = clWindowText
            Font.Height = -13
            Font.Name = 'Arial Cyr'
            Font.Style = []
            Rotate90 = False
            DeleteEmptyLinesAtEnd = True
            DeleteEmptyLines = False
            CanResizeX = False
            CanResizeY = True
            WordWrap = True
            FontSize = 10
          end>
        dRec.Left = 2
        dRec.Top = 44
        dRec.Right = 375
        dRec.Bottom = 81
        TopMode = prlmMaxBottom
        LeftMode = prlmMaxRight
        WidthMode = prrmMaxRight
        HeightMode = prrmMaxBottom
        Visible = False
      end
    end
  end
end
