object TprReport
  ShowProgress = True
  CanUserEdit = False
  DesignerFormMode = fmNormal
  PreviewFormMode = fmNormal
  Collate = False
  Copies = 1
  FromPage = -1
  ToPage = -1
  PrintPagesMode = ppmAll
  ExportOptions = [preoShowParamsDlg, preoShowProgress, preoShowAfterGenerate]
  ExportPagesMode = ppmAll
  ExportFromPage = 0
  ExportToPage = 0
  Values = <>
  PrinterName = 'Virtual printer'
  ExportPrecision = 1
  ExportPrecisionLow = 10
  ExportPrecisionNormal = 5
  ExportPrecisionHigh = 1
  PreviewParams.Options = []
  PreviewParams.ShowToolbars = [prptPreviewCommon]
  SystemInfo = (
    'OS: WIN32_WINDOWS 4.10.67766446  A '
    ''
    'PageSize: 4096'
    'ActiveProcessorMask: $1000'
    'NumberOfProcessors: 1'
    'ProcessorType: 586'
    ''
    'Compiler version: Delphi4'
    'PReport version: 1.50.1')
  LOGPIXELSX = 96
  LOGPIXELSY = 96
  object prPage1: TprPage
    Width = 2100
    Height = 2970
    PaperSize = 9
    Orientation = poPortrait
    lMargin = 6
    rMargin = 7
    tMargin = 7
    bMargin = 6
    object prHTitleBand1: TprHTitleBand
      ResizeMode = prbrmNone
      Visible = True
      Height = 53
      UseVerticalBands = False
      object prRichObj1: TprRichObj
        dRec.DefVersion = 0
        dRec.Versions = <
          item
            Visible = True
            lBorder.Show = True
            lBorder.Style = psSolid
            lBorder.Color = 15712159
            lBorder.Width = 4
            rBorder.Show = True
            rBorder.Style = psSolid
            rBorder.Color = clFuchsia
            rBorder.Width = 2
            tBorder.Show = True
            tBorder.Style = psSolid
            tBorder.Color = 8323072
            tBorder.Width = 3
            bBorder.Show = True
            bBorder.Style = psSolid
            bBorder.Color = clYellow
            bBorder.Width = 1
            DeleteEmptyLinesAtEnd = False
            DeleteEmptyLines = False
            CanResizeY = False
            WordWrap = True
            RichText = {
              990600007B5C727466315C616E73695C64656666305C6465667461623732307B
              5C666F6E7474626C7B5C66305C666E696C204D532053616E732053657269663B
              7D7B5C66315C66726F6D616E5C6663686172736574322053796D626F6C3B7D7B
              5C66325C6673776973735C66707271322053797374656D3B7D7B5C66335C6673
              776973735C66707271325C6663686172736574323034205461686F6D613B7D7B
              5C66345C666D6F6465726E5C667072713120436F75726965723B7D7B5C66355C
              66726F6D616E5C66707271325C66636861727365743230347B5C2A5C666E616D
              652054696D6573204E657720526F6D616E3B7D54696D6573204E657720526F6D
              616E204379723B7D7B5C66365C666E696C5C66707271322045522042756B696E
              697374204B4F492D383B7D7B5C66375C66726F6D616E5C66707271322054696D
              6573204E657720526F6D616E3B7D7B5C66385C6673776973735C66707271325C
              66636861727365743230342053797374656D3B7D7B5C66395C6673776973735C
              66707271325C66636861727365743230347B5C2A5C666E616D6520417269616C
              3B7D417269616C204379723B7D7B5C6631305C6673776973735C66707271325C
              666368617273657432303420417269616C20426C61636B3B7D7B5C6631315C66
              726F6D616E5C66707271325C666368617273657432303420426F6F6B20416E74
              697175613B7D7B5C6631325C66726F6D616E5C66707271325C66636861727365
              7432303420426F6F6B6D616E204F6C64205374796C653B7D7B5C6631335C6673
              776973735C66707271325C66636861727365743230342043656E747572792047
              6F746869633B7D7B5C6631345C6673776973735C66707271325C666368617273
              657432303420417269616C204E6172726F773B7D7B5C6631355C66726F6D616E
              5C66707271325C666368617273657432303420476172616D6F6E643B7D7B5C66
              31365C66726F6D616E5C66707271325C66636861727365743230342047656F72
              6769613B7D7B5C6631375C666E696C5C66707271322045522041726368697465
              6374204B4F492D383B7D7B5C6631385C6673776973735C66707271325C666368
              61727365743230342056657264616E613B7D7B5C6631395C6673776973735C66
              7072713220547265627563686574204D533B7D7B5C6632305C666D6F6465726E
              5C66707271315C6663686172736574323034204C756369646120436F6E736F6C
              653B7D7B5C6632315C6673776973735C6670727132205461686F6D613B7D7B5C
              6632325C66726F6D616E5C66707271325C66636861727365743230342050616C
              6174696E6F204C696E6F747970653B7D7D0D0A7B5C636F6C6F7274626C5C7265
              64305C677265656E305C626C7565303B5C7265643235355C677265656E305C62
              6C7565303B5C7265643132385C677265656E305C626C7565303B5C7265643235
              355C677265656E3130325C626C7565303B5C726564305C677265656E3132385C
              626C7565303B5C726564305C677265656E3132385C626C75653132383B5C7265
              64305C677265656E305C626C75653235353B5C7265643132385C677265656E31
              32385C626C7565303B5C7265643235355C677265656E3135335C626C7565303B
              5C7265643130325C677265656E3130325C626C75653135333B5C72656435315C
              677265656E3135335C626C75653130323B5C72656435315C677265656E323034
              5C626C75653230343B5C72656435315C677265656E3130325C626C7565323535
              3B5C7265643132385C677265656E305C626C75653132383B7D0D0A5C6465666C
              616E67313033335C706172645C71635C706C61696E5C66395C667332385C6366
              3220455C706C61696E5C6631305C667332385C63663320785C706C61696E5C66
              31345C667332385C63663720615C706C61696E5C6631315C667332385C636634
              206D5C706C61696E5C6631325C667332385C63663520705C706C61696E5C6631
              335C667332385C636636206C5C706C61696E5C6631375C667332385C63663920
              655C706C61696E5C66355C667332385C63663020205C706C61696E5C6631355C
              667332385C63663120525C706C61696E5C6631365C667332385C63663820545C
              706C61696E5C6632305C667332385C63663820465C706C61696E5C66355C6673
              32385C63663020205C706C61696E5C66335C667332385C6366313020745C706C
              61696E5C6631385C667332385C6366313120655C706C61696E5C6631395C6673
              32385C6366313220785C706C61696E5C6632325C667332385C6366313320745C
              706C61696E5C66395C667332385C636632200D0A5C706172207D0D0A00}
          end>
        dRec.Left = 13
        dRec.Top = 10
        dRec.Right = 710
        dRec.Bottom = 47
        TopMode = prlmMaxBottom
        LeftMode = prlmMaxRight
        WidthMode = prrmMaxRight
        HeightMode = prrmMaxBottom
        Visible = False
      end
    end
    object prHDetailBand1: TprHDetailBand
      ResizeMode = prbrmMaxObj
      Visible = True
      Height = 72
      UseVerticalBands = False
      DataSetName = 'RTF'
      ColCount = 0
      ColDirection = prcdTopBottomLeftRight
      object prRichObj2: TprRichObj
        dRec.DefVersion = 0
        dRec.Versions = <
          item
            Visible = True
            lBorder.Show = True
            lBorder.Style = psSolid
            lBorder.Color = clBlack
            lBorder.Width = 1
            rBorder.Show = True
            rBorder.Style = psSolid
            rBorder.Color = clBlack
            rBorder.Width = 1
            tBorder.Show = True
            tBorder.Style = psSolid
            tBorder.Color = clBlack
            tBorder.Width = 1
            bBorder.Show = True
            bBorder.Style = psSolid
            bBorder.Color = clBlack
            bBorder.Width = 1
            DeleteEmptyLinesAtEnd = True
            DeleteEmptyLines = False
            CanResizeY = True
            WordWrap = True
            RichText = {
              6F0500007B5C727466315C616E73695C64656666305C6465667461623732307B
              5C666F6E7474626C7B5C66305C666E696C204D532053616E732053657269663B
              7D7B5C66315C66726F6D616E5C6663686172736574322053796D626F6C3B7D7B
              5C66325C6673776973735C66707271322053797374656D3B7D7B5C66335C6673
              776973735C66707271325C6663686172736574323034205461686F6D613B7D7B
              5C66345C666D6F6465726E5C667072713120436F75726965723B7D7B5C66355C
              66726F6D616E5C66707271325C66636861727365743230347B5C2A5C666E616D
              652054696D6573204E657720526F6D616E3B7D54696D6573204E657720526F6D
              616E204379723B7D7B5C66365C666E696C5C66707271322045522042756B696E
              697374204B4F492D383B7D7B5C66375C66726F6D616E5C66707271322054696D
              6573204E657720526F6D616E3B7D7B5C66385C6673776973735C66707271325C
              66636861727365743230342053797374656D3B7D7B5C66395C6673776973735C
              66707271325C66636861727365743230347B5C2A5C666E616D6520417269616C
              3B7D417269616C204379723B7D7B5C6631305C6673776973735C66707271325C
              666368617273657432303420417269616C20426C61636B3B7D7B5C6631315C66
              726F6D616E5C66707271325C666368617273657432303420426F6F6B20416E74
              697175613B7D7B5C6631325C66726F6D616E5C66707271325C66636861727365
              7432303420426F6F6B6D616E204F6C64205374796C653B7D7B5C6631335C6673
              776973735C66707271325C66636861727365743230342043656E747572792047
              6F746869633B7D7B5C6631345C6673776973735C66707271325C666368617273
              657432303420417269616C204E6172726F773B7D7B5C6631355C66726F6D616E
              5C66707271325C666368617273657432303420476172616D6F6E643B7D7B5C66
              31365C66726F6D616E5C66707271325C66636861727365743230342047656F72
              6769613B7D7B5C6631375C666E696C5C66707271322045522041726368697465
              6374204B4F492D383B7D7B5C6631385C6673776973735C66707271325C666368
              61727365743230342056657264616E613B7D7B5C6631395C6673776973735C66
              7072713220547265627563686574204D533B7D7B5C6632305C666D6F6465726E
              5C66707271315C6663686172736574323034204C756369646120436F6E736F6C
              653B7D7B5C6632315C6673776973735C6670727132205461686F6D613B7D7B5C
              6632325C66726F6D616E5C66707271325C66636861727365743230342050616C
              6174696E6F204C696E6F747970653B7D7D0D0A7B5C636F6C6F7274626C5C7265
              64305C677265656E305C626C7565303B5C7265643235355C677265656E305C62
              6C7565303B5C7265643132385C677265656E305C626C7565303B5C7265643235
              355C677265656E3130325C626C7565303B5C726564305C677265656E3132385C
              626C7565303B5C726564305C677265656E3132385C626C75653132383B5C7265
              64305C677265656E305C626C75653235353B5C7265643132385C677265656E31
              32385C626C7565303B5C7265643235355C677265656E3135335C626C7565303B
              5C7265643130325C677265656E3130325C626C75653135333B5C72656435315C
              677265656E3135335C626C75653130323B5C72656435315C677265656E323034
              5C626C75653230343B5C72656435315C677265656E3130325C626C7565323535
              3B5C7265643132385C677265656E305C626C75653132383B7D0D0A5C6465666C
              616E67313033335C706172645C706C61696E5C6632315C667332305C62205B3A
              3C7274663E5254462E444553435D5C706C61696E5C6C616E67313034395C6638
              5C667332305C62200D0A5C706172207D0D0A00}
          end>
        dRec.Left = 5
        dRec.Top = 33
        dRec.Right = 742
        dRec.Bottom = 66
        TopMode = prlmMaxBottom
        LeftMode = prlmMaxRight
        WidthMode = prrmMaxRight
        HeightMode = prrmMaxBottom
        Visible = False
      end
      object prRichObj3: TprRichObj
        dRec.DefVersion = 0
        dRec.Versions = <
          item
            Visible = True
            lBorder.Show = False
            lBorder.Style = psSolid
            lBorder.Color = clBlack
            lBorder.Width = 1
            rBorder.Show = False
            rBorder.Style = psSolid
            rBorder.Color = clBlack
            rBorder.Width = 1
            tBorder.Show = False
            tBorder.Style = psSolid
            tBorder.Color = clBlack
            tBorder.Width = 1
            bBorder.Show = True
            bBorder.Style = psSolid
            bBorder.Color = clBlack
            bBorder.Width = 1
            DeleteEmptyLinesAtEnd = False
            DeleteEmptyLines = False
            CanResizeY = False
            WordWrap = False
            RichText = {
              7F0500007B5C727466315C616E73695C64656666305C6465667461623732307B
              5C666F6E7474626C7B5C66305C666E696C204D532053616E732053657269663B
              7D7B5C66315C66726F6D616E5C6663686172736574322053796D626F6C3B7D7B
              5C66325C6673776973735C66707271322053797374656D3B7D7B5C66335C6673
              776973735C66707271325C6663686172736574323034205461686F6D613B7D7B
              5C66345C666D6F6465726E5C667072713120436F75726965723B7D7B5C66355C
              66726F6D616E5C66707271325C66636861727365743230347B5C2A5C666E616D
              652054696D6573204E657720526F6D616E3B7D54696D6573204E657720526F6D
              616E204379723B7D7B5C66365C666E696C5C66707271322045522042756B696E
              697374204B4F492D383B7D7B5C66375C66726F6D616E5C66707271322054696D
              6573204E657720526F6D616E3B7D7B5C66385C6673776973735C66707271325C
              66636861727365743230342053797374656D3B7D7B5C66395C6673776973735C
              66707271325C66636861727365743230347B5C2A5C666E616D6520417269616C
              3B7D417269616C204379723B7D7B5C6631305C6673776973735C66707271325C
              666368617273657432303420417269616C20426C61636B3B7D7B5C6631315C66
              726F6D616E5C66707271325C666368617273657432303420426F6F6B20416E74
              697175613B7D7B5C6631325C66726F6D616E5C66707271325C66636861727365
              7432303420426F6F6B6D616E204F6C64205374796C653B7D7B5C6631335C6673
              776973735C66707271325C66636861727365743230342043656E747572792047
              6F746869633B7D7B5C6631345C6673776973735C66707271325C666368617273
              657432303420417269616C204E6172726F773B7D7B5C6631355C66726F6D616E
              5C66707271325C666368617273657432303420476172616D6F6E643B7D7B5C66
              31365C66726F6D616E5C66707271325C66636861727365743230342047656F72
              6769613B7D7B5C6631375C666E696C5C66707271322045522041726368697465
              6374204B4F492D383B7D7B5C6631385C6673776973735C66707271325C666368
              61727365743230342056657264616E613B7D7B5C6631395C6673776973735C66
              7072713220547265627563686574204D533B7D7B5C6632305C666D6F6465726E
              5C66707271315C6663686172736574323034204C756369646120436F6E736F6C
              653B7D7B5C6632315C6673776973735C6670727132205461686F6D613B7D7B5C
              6632325C66726F6D616E5C66707271325C66636861727365743230342050616C
              6174696E6F204C696E6F747970653B7D7D0D0A7B5C636F6C6F7274626C5C7265
              64305C677265656E305C626C7565303B5C7265643235355C677265656E305C62
              6C7565303B5C7265643132385C677265656E305C626C7565303B5C7265643235
              355C677265656E3130325C626C7565303B5C726564305C677265656E3132385C
              626C7565303B5C726564305C677265656E3132385C626C75653132383B5C7265
              64305C677265656E305C626C75653235353B5C7265643132385C677265656E31
              32385C626C7565303B5C7265643235355C677265656E3135335C626C7565303B
              5C7265643130325C677265656E3130325C626C75653135333B5C72656435315C
              677265656E3135335C626C75653130323B5C72656435315C677265656E323034
              5C626C75653230343B5C72656435315C677265656E3130325C626C7565323535
              3B5C7265643132385C677265656E305C626C75653132383B7D0D0A5C6465666C
              616E67313033335C706172645C706C61696E5C66355C667332385C625C69204E
              616D655C706C61696E5C66355C66733238203A205B5254462E4E616D655D5C70
              6C61696E5C6C616E67313034395C66385C667332305C62200D0A5C706172207D
              0D0A00}
          end>
        dRec.Left = 5
        dRec.Top = 5
        dRec.Right = 742
        dRec.Bottom = 30
        TopMode = prlmMaxBottom
        LeftMode = prlmMaxRight
        WidthMode = prrmMaxRight
        HeightMode = prrmMaxBottom
        Visible = False
      end
    end
  end
end
