object TprTxReport
  Copies = 3
  Values = <>
  Variables = <>
  SystemInfo = (
    'OS: WIN32_NT 5.1.2600 '
    ''
    'PageSize: 4096'
    'ActiveProcessorMask: $1000'
    'NumberOfProcessors: 1'
    'ProcessorType: 586'
    ''
    'Compiler version: Delphi7'
    'PReport version: 1.9.5')
  object prTxPage1: TprTxPage
    PageType = tptPage
    LineNum = 60
    ColNum = 80
    object prTxHTitleBand1: TprTxHTitleBand
      Height = 6
      object prTxMemoObj1: TprTxMemoObj
        dRec.Versions = <
          item
            Visible = True
            Memo.Strings = (
              'Customers'#39' list')
            DeleteEmptyLinesAtEnd = False
            DeleteEmptyLines = False
            CanResizeX = False
            CanResizeY = False
            hAlign = prhCenter
            vAlign = prvTop
            DefaultFont = False
            WordWrap = False
          end>
        dRec.Left = 16
        dRec.Top = 4
        dRec.Right = 58
        dRec.Bottom = 5
      end
      object prTxMemoObj2: TprTxMemoObj
        dRec.Versions = <
          item
            Visible = True
            Memo.Strings = (
              'Copy   : @@COPY@@'
              'Printer: @@PRINTER@@')
            DeleteEmptyLinesAtEnd = False
            DeleteEmptyLines = False
            CanResizeX = False
            CanResizeY = False
            hAlign = prhLeft
            vAlign = prvTop
            DefaultFont = False
            WordWrap = False
          end>
        dRec.Left = 1
        dRec.Top = 1
        dRec.Right = 79
        dRec.Bottom = 3
      end
    end
    object prTxHDetailBand2: TprTxHDetailBand
      Height = 4
      DataSetName = 'customers'
      object prTxMemoObj5: TprTxMemoObj
        dRec.Versions = <
          item
            Visible = True
            Memo.Strings = (
              '[customers.CustNo]')
            DeleteEmptyLinesAtEnd = False
            DeleteEmptyLines = False
            CanResizeX = False
            CanResizeY = False
            hAlign = prhRight
            vAlign = prvTop
            DefaultFont = False
            WordWrap = False
          end>
        dRec.Left = 1
        dRec.Top = 1
        dRec.Right = 16
        dRec.Bottom = 2
      end
      object prTxMemoObj6: TprTxMemoObj
        dRec.Versions = <
          item
            Visible = True
            Memo.Strings = (
              '[customers.Company]')
            DeleteEmptyLinesAtEnd = False
            DeleteEmptyLines = False
            CanResizeX = False
            CanResizeY = False
            hAlign = prhLeft
            vAlign = prvTop
            DefaultFont = False
            WordWrap = False
          end>
        dRec.Left = 17
        dRec.Top = 1
        dRec.Right = 79
        dRec.Bottom = 2
      end
      object prTxHLineObj1: TprTxHLineObj
        dRec.Versions = <
          item
            Visible = True
          end>
        dRec.Left = 0
        dRec.Top = 2
        dRec.Right = 80
        dRec.Bottom = 3
      end
    end
    object prTxHPageHeaderBand1: TprTxHPageHeaderBand
      Height = 7
      PrintOnFirstPage = True
      object prTxHLineObj2: TprTxHLineObj
        dRec.Versions = <
          item
            Visible = True
            MainChar = '='
            StartingChar = '='
            EndingChar = '='
          end>
        dRec.Left = 0
        dRec.Top = 3
        dRec.Right = 80
        dRec.Bottom = 4
      end
      object prTxMemoObj7: TprTxMemoObj
        dRec.Versions = <
          item
            Visible = True
            Memo.Strings = (
              'Page [Page] of [PagesCount]')
            DeleteEmptyLinesAtEnd = False
            DeleteEmptyLines = False
            CanResizeX = False
            CanResizeY = False
            hAlign = prhRight
            vAlign = prvTop
            DefaultFont = False
            WordWrap = False
          end>
        dRec.Left = 0
        dRec.Top = 1
        dRec.Right = 80
        dRec.Bottom = 2
      end
      object prTxMemoObj3: TprTxMemoObj
        dRec.Versions = <
          item
            Visible = True
            Memo.Strings = (
              'CustNo')
            DeleteEmptyLinesAtEnd = False
            DeleteEmptyLines = False
            CanResizeX = False
            CanResizeY = False
            hAlign = prhCenter
            vAlign = prvTop
            DefaultFont = False
            WordWrap = False
          end>
        dRec.Left = 1
        dRec.Top = 4
        dRec.Right = 16
        dRec.Bottom = 5
      end
      object prTxMemoObj4: TprTxMemoObj
        dRec.Versions = <
          item
            Visible = True
            Memo.Strings = (
              'Company')
            DeleteEmptyLinesAtEnd = False
            DeleteEmptyLines = False
            CanResizeX = False
            CanResizeY = False
            hAlign = prhCenter
            vAlign = prvTop
            DefaultFont = False
            WordWrap = False
          end>
        dRec.Left = 17
        dRec.Top = 4
        dRec.Right = 79
        dRec.Bottom = 5
      end
      object prTxHLineObj3: TprTxHLineObj
        dRec.Versions = <
          item
            Visible = True
            MainChar = '='
            StartingChar = '='
            EndingChar = '='
          end>
        dRec.Left = 0
        dRec.Top = 5
        dRec.Right = 80
        dRec.Bottom = 6
      end
    end
  end
end
